<?xml version="1.0" encoding="UTF-8"?>
<!-- Generated by org.testng.reporters.JUnitXMLReporter -->
<testsuite ignored="0" hostname="DESKTOP-4CVQIGU" failures="0" tests="3" name="Test" time="23.951" errors="0" timestamp="2023-02-14T01:24:21 IST">
  <testcase classname="TestCases.verifyLoginPage" name="login" time="1.769"/>
  <testcase classname="TestCases.verifyLoginPage" name="login" time="1.705"/>
  <testcase classname="TestCases.VerifySignupPage" name="signup" time="6.558"/>
</testsuite> <!-- Test -->
