<?xml version="1.0" encoding="UTF-8"?>
<!-- Generated by org.testng.reporters.JUnitXMLReporter -->
<testsuite ignored="0" hostname="DESKTOP-4CVQIGU" failures="0" tests="3" name="Test" time="37.658" errors="0" timestamp="2023-02-20T05:48:49 IST">
  <testcase classname="TestCases.verifyLoginPage" name="login" time="2.013"/>
  <testcase classname="TestCases.verifyLoginPage" name="login" time="1.427"/>
  <testcase classname="TestCases.VerifySignupPage" name="signup" time="16.249"/>
</testsuite> <!-- Test -->
