<?xml version="1.0" encoding="UTF-8"?>
<!-- Generated by org.testng.reporters.JUnitXMLReporter -->
<testsuite ignored="0" hostname="DESKTOP-4CVQIGU" failures="0" tests="3" name="Test" time="6.2" errors="0" timestamp="2023-04-16T19:24:06 IST">
  <testcase classname="Resources.BaseClass" name="@BeforeMethod openurl" time="5.687">
    <failure type="java.lang.ExceptionInInitializerError">
      <![CDATA[java.lang.ExceptionInInitializerError
at org.openqa.selenium.remote.HttpCommandExecutor.getDefaultClientFactory(HttpCommandExecutor.java:62)
at org.openqa.selenium.remote.HttpCommandExecutor.<init>(HttpCommandExecutor.java:87)
at org.openqa.selenium.remote.service.DriverCommandExecutor.<init>(DriverCommandExecutor.java:80)
at org.openqa.selenium.chromium.ChromiumDriverCommandExecutor.<init>(ChromiumDriverCommandExecutor.java:35)
at org.openqa.selenium.chrome.ChromeDriver$ChromeDriverCommandExecutor.<init>(ChromeDriver.java:94)
at org.openqa.selenium.chrome.ChromeDriver.<init>(ChromeDriver.java:82)
at org.openqa.selenium.chrome.ChromeDriver.<init>(ChromeDriver.java:50)
at Resources.BaseClass.driverInitialize(BaseClass.java:31)
at Resources.BaseClass.openurl(BaseClass.java:48)
at java.base/java.util.ArrayList.forEach(ArrayList.java:1511)
Caused by: java.lang.IllegalArgumentException: Unknown HttpClient factory jdk-http-client
at org.openqa.selenium.remote.http.HttpClient$Factory.create(HttpClient.java:57)
at org.openqa.selenium.remote.http.HttpClient$Factory.createDefault(HttpClient.java:73)
at org.openqa.selenium.remote.HttpCommandExecutor$DefaultClientFactoryHolder.<clinit>(HttpCommandExecutor.java:58)
... 45 more
... Removed 35 stack frames]]>
    </failure>
  </testcase> <!-- @BeforeMethod openurl -->
  <testcase classname="Resources.BaseClass" name="@BeforeMethod openurl" time="0.0">
    <skipped/>
  </testcase> <!-- @BeforeMethod openurl -->
  <testcase classname="Resources.BaseClass" name="@BeforeMethod openurl" time="0.335">
    <failure type="java.lang.NoClassDefFoundError" message="Could not initialize class org.openqa.selenium.remote.HttpCommandExecutor$DefaultClientFactoryHolder">
      <![CDATA[java.lang.NoClassDefFoundError: Could not initialize class org.openqa.selenium.remote.HttpCommandExecutor$DefaultClientFactoryHolder
at org.openqa.selenium.remote.HttpCommandExecutor.getDefaultClientFactory(HttpCommandExecutor.java:62)
at org.openqa.selenium.remote.HttpCommandExecutor.<init>(HttpCommandExecutor.java:87)
at org.openqa.selenium.remote.service.DriverCommandExecutor.<init>(DriverCommandExecutor.java:80)
at org.openqa.selenium.chromium.ChromiumDriverCommandExecutor.<init>(ChromiumDriverCommandExecutor.java:35)
at org.openqa.selenium.chrome.ChromeDriver$ChromeDriverCommandExecutor.<init>(ChromeDriver.java:94)
at org.openqa.selenium.chrome.ChromeDriver.<init>(ChromeDriver.java:82)
at org.openqa.selenium.chrome.ChromeDriver.<init>(ChromeDriver.java:50)
at Resources.BaseClass.driverInitialize(BaseClass.java:31)
at Resources.BaseClass.openurl(BaseClass.java:48)
at java.base/java.util.ArrayList.forEach(ArrayList.java:1511)
... Removed 35 stack frames]]>
    </failure>
  </testcase> <!-- @BeforeMethod openurl -->
  <testcase classname="TestCases.verifyLoginPage" name="login" time="0.001">
    <skipped/>
  </testcase> <!-- login -->
  <testcase classname="TestCases.verifyLoginPage" name="login" time="0.0">
    <skipped/>
  </testcase> <!-- login -->
  <testcase classname="TestCases.VerifySignupPage" name="signup" time="0.003">
    <skipped/>
  </testcase> <!-- signup -->
</testsuite> <!-- Test -->
