<?xml version="1.0" encoding="UTF-8"?>
<testng-results ignored="0" total="2" passed="2" failed="0" skipped="0">
  <reporter-output>
  </reporter-output>
  <suite started-at="2023-08-02T15:48:04 IST" name="Default suite" finished-at="2023-08-02T15:48:21 IST" duration-ms="16289">
    <groups>
    </groups>
    <test started-at="2023-08-02T15:48:04 IST" name="Default test" finished-at="2023-08-02T15:48:21 IST" duration-ms="16289">
      <class name="TestCases.verifyLoginPage">
        <test-method is-config="true" signature="openurl()[pri:0, instance:TestCases.verifyLoginPage@4fb3ee4e]" started-at="2023-08-02T15:48:05 IST" name="openurl" finished-at="2023-08-02T15:48:12 IST" duration-ms="7777" status="PASS">
          <reporter-output>
          </reporter-output>
        </test-method> <!-- openurl -->
        <test-method signature="login(java.lang.String,java.lang.String)[pri:0, instance:TestCases.verifyLoginPage@4fb3ee4e]" started-at="2023-08-02T15:48:12 IST" name="login" data-provider="testData" finished-at="2023-08-02T15:48:13 IST" duration-ms="939" status="PASS">
          <params>
            <param index="0">
              <value>
                <![CDATA[standard_user]]>
              </value>
            </param>
            <param index="1">
              <value>
                <![CDATA[secret_sauce]]>
              </value>
            </param>
          </params>
          <reporter-output>
          </reporter-output>
        </test-method> <!-- login -->
        <test-method is-config="true" signature="openurl()[pri:0, instance:TestCases.verifyLoginPage@4fb3ee4e]" started-at="2023-08-02T15:48:13 IST" name="openurl" finished-at="2023-08-02T15:48:19 IST" duration-ms="5415" status="PASS">
          <reporter-output>
          </reporter-output>
        </test-method> <!-- openurl -->
        <test-method signature="login(java.lang.String,java.lang.String)[pri:0, instance:TestCases.verifyLoginPage@4fb3ee4e]" started-at="2023-08-02T15:48:19 IST" name="login" data-provider="testData" finished-at="2023-08-02T15:48:21 IST" duration-ms="2025" status="PASS">
          <params>
            <param index="0">
              <value>
                <![CDATA[standard_uer]]>
              </value>
            </param>
            <param index="1">
              <value>
                <![CDATA[secret_sauc]]>
              </value>
            </param>
          </params>
          <reporter-output>
          </reporter-output>
        </test-method> <!-- login -->
      </class> <!-- TestCases.verifyLoginPage -->
    </test> <!-- Default test -->
  </suite> <!-- Default suite -->
</testng-results>
