<?xml version="1.0" encoding="UTF-8"?>
<testng-results ignored="0" total="2" passed="2" failed="0" skipped="0">
  <reporter-output>
  </reporter-output>
  <suite started-at="2023-02-14T01:47:39 IST" name="Default suite" finished-at="2023-02-14T01:47:51 IST" duration-ms="12241">
    <groups>
    </groups>
    <test started-at="2023-02-14T01:47:39 IST" name="Default test" finished-at="2023-02-14T01:47:51 IST" duration-ms="12241">
      <class name="TestCases.verifyLoginPage">
        <test-method is-config="true" signature="openurl()[pri:0, instance:TestCases.verifyLoginPage@7fee8714]" started-at="2023-02-14T01:47:39 IST" name="openurl" finished-at="2023-02-14T01:47:44 IST" duration-ms="5344" status="PASS">
          <reporter-output>
          </reporter-output>
        </test-method> <!-- openurl -->
        <test-method signature="login(java.lang.String,java.lang.String)[pri:0, instance:TestCases.verifyLoginPage@7fee8714]" started-at="2023-02-14T01:47:44 IST" name="login" data-provider="testData" finished-at="2023-02-14T01:47:46 IST" duration-ms="1608" status="PASS">
          <params>
            <param index="0">
              <value>
                <![CDATA[testuser1]]>
              </value>
            </param>
            <param index="1">
              <value>
                <![CDATA[secuer123]]>
              </value>
            </param>
          </params>
          <reporter-output>
          </reporter-output>
        </test-method> <!-- login -->
        <test-method is-config="true" signature="closeBrowser()[pri:0, instance:TestCases.verifyLoginPage@7fee8714]" started-at="2023-02-14T01:47:46 IST" name="closeBrowser" finished-at="2023-02-14T01:47:46 IST" duration-ms="434" status="PASS">
          <reporter-output>
          </reporter-output>
        </test-method> <!-- closeBrowser -->
        <test-method is-config="true" signature="openurl()[pri:0, instance:TestCases.verifyLoginPage@7fee8714]" started-at="2023-02-14T01:47:46 IST" name="openurl" finished-at="2023-02-14T01:47:50 IST" duration-ms="3328" status="PASS">
          <reporter-output>
          </reporter-output>
        </test-method> <!-- openurl -->
        <test-method signature="login(java.lang.String,java.lang.String)[pri:0, instance:TestCases.verifyLoginPage@7fee8714]" started-at="2023-02-14T01:47:50 IST" name="login" data-provider="testData" finished-at="2023-02-14T01:47:51 IST" duration-ms="1121" status="PASS">
          <params>
            <param index="0">
              <value>
                <![CDATA[testuser2]]>
              </value>
            </param>
            <param index="1">
              <value>
                <![CDATA[secure456]]>
              </value>
            </param>
          </params>
          <reporter-output>
          </reporter-output>
        </test-method> <!-- login -->
        <test-method is-config="true" signature="closeBrowser()[pri:0, instance:TestCases.verifyLoginPage@7fee8714]" started-at="2023-02-14T01:47:51 IST" name="closeBrowser" finished-at="2023-02-14T01:47:51 IST" duration-ms="319" status="PASS">
          <reporter-output>
          </reporter-output>
        </test-method> <!-- closeBrowser -->
      </class> <!-- TestCases.verifyLoginPage -->
    </test> <!-- Default test -->
  </suite> <!-- Default suite -->
</testng-results>
